Experiment running on device: cuda:0
Start training over the entire dataset ....
-----------------------------------------------------------------------------------------
| end of epoch   0 | time: 32.36s | valid loss 5293.64 | pred: 11335/26700 | acc: 42.4532%
-----------------------------------------------------------------------------------------
-----------------------------------------------------------------------------------------
| end of epoch   1 | time: 32.37s | valid loss 5106.31 | pred: 11667/26700 | acc: 43.6966%
-----------------------------------------------------------------------------------------
-----------------------------------------------------------------------------------------
| end of epoch   2 | time: 32.35s | valid loss 5029.41 | pred: 11787/26700 | acc: 44.1461%
-----------------------------------------------------------------------------------------
-----------------------------------------------------------------------------------------
| end of epoch   3 | time: 32.56s | valid loss 5002.95 | pred: 11900/26700 | acc: 44.5693%
-----------------------------------------------------------------------------------------
-----------------------------------------------------------------------------------------
| end of epoch   4 | time: 32.52s | valid loss 4988.71 | pred: 12009/26700 | acc: 44.9775%
-----------------------------------------------------------------------------------------
-----------------------------------------------------------------------------------------
| end of epoch   5 | time: 32.66s | valid loss 4965.46 | pred: 11981/26700 | acc: 44.8727%
-----------------------------------------------------------------------------------------
-----------------------------------------------------------------------------------------
| end of epoch   6 | time: 33.38s | valid loss 4971.89 | pred: 11986/26700 | acc: 44.8914%
-----------------------------------------------------------------------------------------
-----------------------------------------------------------------------------------------
| end of epoch   7 | time: 32.62s | valid loss 4977.77 | pred: 12006/26700 | acc: 44.9663%
-----------------------------------------------------------------------------------------
-----------------------------------------------------------------------------------------
| end of epoch   8 | time: 32.60s | valid loss 4967.33 | pred: 12032/26700 | acc: 45.0637%
-----------------------------------------------------------------------------------------
-----------------------------------------------------------------------------------------
| end of epoch   9 | time: 32.58s | valid loss 4933.48 | pred: 12052/26700 | acc: 45.1386%
-----------------------------------------------------------------------------------------
-----------------------------------------------------------------------------------------
| end of epoch  10 | time: 32.67s | valid loss 4931.83 | pred: 12087/26700 | acc: 45.2697%
-----------------------------------------------------------------------------------------
-----------------------------------------------------------------------------------------
| end of epoch  11 | time: 32.73s | valid loss 4934.37 | pred: 12004/26700 | acc: 44.9588%
-----------------------------------------------------------------------------------------
-----------------------------------------------------------------------------------------
| end of epoch  12 | time: 32.72s | valid loss 4930.24 | pred: 12038/26700 | acc: 45.0861%
-----------------------------------------------------------------------------------------
-----------------------------------------------------------------------------------------
| end of epoch  13 | time: 33.56s | valid loss 4922.96 | pred: 11971/26700 | acc: 44.8352%
-----------------------------------------------------------------------------------------
-----------------------------------------------------------------------------------------
| end of epoch  14 | time: 32.65s | valid loss 4952.01 | pred: 12028/26700 | acc: 45.0487%
-----------------------------------------------------------------------------------------
-----------------------------------------------------------------------------------------
| end of epoch  15 | time: 32.79s | valid loss 4915.23 | pred: 12066/26700 | acc: 45.1910%
-----------------------------------------------------------------------------------------
-----------------------------------------------------------------------------------------
| end of epoch  16 | time: 32.62s | valid loss 4898.97 | pred: 12148/26700 | acc: 45.4981%
-----------------------------------------------------------------------------------------
-----------------------------------------------------------------------------------------
| end of epoch  17 | time: 32.71s | valid loss 4890.92 | pred: 12243/26700 | acc: 45.8539%
-----------------------------------------------------------------------------------------
-----------------------------------------------------------------------------------------
| end of epoch  18 | time: 32.72s | valid loss 4910.27 | pred: 12117/26700 | acc: 45.3820%
-----------------------------------------------------------------------------------------
-----------------------------------------------------------------------------------------
| end of epoch  19 | time: 32.79s | valid loss 4926.17 | pred: 12170/26700 | acc: 45.5805%
-----------------------------------------------------------------------------------------
-----------------------------------------------------------------------------------------
| end of epoch  20 | time: 33.51s | valid loss 4936.98 | pred: 12068/26700 | acc: 45.1985%
-----------------------------------------------------------------------------------------
-----------------------------------------------------------------------------------------
| end of epoch  21 | time: 32.69s | valid loss 4916.30 | pred: 12181/26700 | acc: 45.6217%
-----------------------------------------------------------------------------------------
-----------------------------------------------------------------------------------------
| end of epoch  22 | time: 32.71s | valid loss 4925.84 | pred: 12111/26700 | acc: 45.3596%
-----------------------------------------------------------------------------------------
-----------------------------------------------------------------------------------------
| end of epoch  23 | time: 53.90s | valid loss 4899.49 | pred: 12173/26700 | acc: 45.5918%
-----------------------------------------------------------------------------------------
-----------------------------------------------------------------------------------------
| end of epoch  24 | time: 59.06s | valid loss 4946.56 | pred: 12036/26700 | acc: 45.0787%
-----------------------------------------------------------------------------------------
-----------------------------------------------------------------------------------------
| end of epoch  25 | time: 57.86s | valid loss 4918.71 | pred: 12056/26700 | acc: 45.1536%
-----------------------------------------------------------------------------------------
-----------------------------------------------------------------------------------------
| end of epoch  26 | time: 58.49s | valid loss 4914.91 | pred: 12034/26700 | acc: 45.0712%
-----------------------------------------------------------------------------------------
-----------------------------------------------------------------------------------------
| end of epoch  27 | time: 61.17s | valid loss 4907.13 | pred: 12120/26700 | acc: 45.3933%
-----------------------------------------------------------------------------------------
-----------------------------------------------------------------------------------------
| end of epoch  28 | time: 58.95s | valid loss 4890.98 | pred: 12232/26700 | acc: 45.8127%
-----------------------------------------------------------------------------------------
-----------------------------------------------------------------------------------------
| end of epoch  29 | time: 58.11s | valid loss 4884.21 | pred: 12120/26700 | acc: 45.3933%
-----------------------------------------------------------------------------------------
